************* Module pyCalcolatrice
__init__.py:1: [C0103(invalid-name), ] Invalid module name "pyCalcolatrice"
************* Module pyCalcolatrice.setup
setup.py:1: [C0111(missing-docstring), ] Missing module docstring
setup.py:7: [C0111(missing-docstring), long_description] Missing function docstring
setup.py:8: [E0602(undefined-variable), long_description] Undefined variable 'io'
setup.py:8: [C0103(invalid-name), long_description] Invalid variable name "f"
setup.py:12: [C0103(invalid-name), ] Invalid constant name "config"
setup.py:2: [W0611(unused-import), ] Unused setup imported from setuptools
************* Module pyCalcolatrice.src.testCalcolatrice
src/testCalcolatrice.py:17: [C0326(bad-whitespace), ] Exactly one space required around comparison
        self.assertFalse(self.c.dividi(100, 10)==15)
                                               ^^
src/testCalcolatrice.py:24: [C0303(trailing-whitespace), ] Trailing whitespace
src/testCalcolatrice.py:29: [C0326(bad-whitespace), ] Exactly one space required around comparison
        self.failIf(self.c.moltiplica(10, 3)==31)
                                            ^^
src/testCalcolatrice.py:30: [C0303(trailing-whitespace), ] Trailing whitespace
src/testCalcolatrice.py:32: [C0303(trailing-whitespace), ] Trailing whitespace
src/testCalcolatrice.py:33: [C0303(trailing-whitespace), ] Trailing whitespace
src/testCalcolatrice.py:34: [C0303(trailing-whitespace), ] Trailing whitespace
src/testCalcolatrice.py:37: [C0303(trailing-whitespace), ] Trailing whitespace
src/testCalcolatrice.py:1: [C0103(invalid-name), ] Invalid module name "testCalcolatrice"
src/testCalcolatrice.py:7: [W0403(relative-import), ] Relative import 'calcolatrice', should be 'pyCalcolatrice.src.calcolatrice'
src/testCalcolatrice.py:9: [C0111(missing-docstring), Test] Missing class docstring
src/testCalcolatrice.py:11: [C0103(invalid-name), Test] Invalid class attribute name "c"
src/testCalcolatrice.py:14: [C0103(invalid-name), Test.testName] Invalid method name "testName"
src/testCalcolatrice.py:14: [C0111(missing-docstring), Test.testName] Missing method docstring
************* Module pyCalcolatrice.src.calcolatrice
src/calcolatrice.py:10: [C0303(trailing-whitespace), ] Trailing whitespace
src/calcolatrice.py:13: [C0303(trailing-whitespace), ] Trailing whitespace
src/calcolatrice.py:16: [C0303(trailing-whitespace), ] Trailing whitespace
src/calcolatrice.py:17: [C0326(bad-whitespace), ] Exactly one space required after comma
    def moltiplica(self, num1,num2):
                             ^
src/calcolatrice.py:19: [C0303(trailing-whitespace), ] Trailing whitespace
src/calcolatrice.py:22: [C0303(trailing-whitespace), ] Trailing whitespace
src/calcolatrice.py:25: [C0303(trailing-whitespace), ] Trailing whitespace
src/calcolatrice.py:28: [C0303(trailing-whitespace), ] Trailing whitespace
src/calcolatrice.py:31: [C0303(trailing-whitespace), ] Trailing whitespace
src/calcolatrice.py:34: [C0303(trailing-whitespace), ] Trailing whitespace
src/calcolatrice.py:37: [C0303(trailing-whitespace), ] Trailing whitespace
src/calcolatrice.py:40: [C0303(trailing-whitespace), ] Trailing whitespace
src/calcolatrice.py:9: [C0103(invalid-name), calcolatrice] Invalid class name "calcolatrice"
src/calcolatrice.py:9: [C0111(missing-docstring), calcolatrice] Missing class docstring
src/calcolatrice.py:9: [C1001(old-style-class), calcolatrice] Old-style class defined.
src/calcolatrice.py:9: [W0232(no-init), calcolatrice] Class has no __init__ method
src/calcolatrice.py:11: [C0111(missing-docstring), calcolatrice.somma] Missing method docstring
src/calcolatrice.py:11: [R0201(no-self-use), calcolatrice.somma] Method could be a function
src/calcolatrice.py:14: [C0111(missing-docstring), calcolatrice.differenza] Missing method docstring
src/calcolatrice.py:14: [R0201(no-self-use), calcolatrice.differenza] Method could be a function
src/calcolatrice.py:17: [C0111(missing-docstring), calcolatrice.moltiplica] Missing method docstring
src/calcolatrice.py:17: [R0201(no-self-use), calcolatrice.moltiplica] Method could be a function
src/calcolatrice.py:20: [C0111(missing-docstring), calcolatrice.dividi] Missing method docstring
src/calcolatrice.py:20: [R0201(no-self-use), calcolatrice.dividi] Method could be a function
src/calcolatrice.py:23: [C0111(missing-docstring), calcolatrice.modulo] Missing method docstring
src/calcolatrice.py:23: [R0201(no-self-use), calcolatrice.modulo] Method could be a function
src/calcolatrice.py:26: [C0111(missing-docstring), calcolatrice.potenza] Missing method docstring
src/calcolatrice.py:26: [R0201(no-self-use), calcolatrice.potenza] Method could be a function
src/calcolatrice.py:29: [C0103(invalid-name), calcolatrice.radiceQuadrata] Invalid method name "radiceQuadrata"
src/calcolatrice.py:29: [C0111(missing-docstring), calcolatrice.radiceQuadrata] Missing method docstring
src/calcolatrice.py:29: [R0201(no-self-use), calcolatrice.radiceQuadrata] Method could be a function
src/calcolatrice.py:32: [C0111(missing-docstring), calcolatrice.seno] Missing method docstring
src/calcolatrice.py:32: [R0201(no-self-use), calcolatrice.seno] Method could be a function
src/calcolatrice.py:35: [C0111(missing-docstring), calcolatrice.coseno] Missing method docstring
src/calcolatrice.py:35: [R0201(no-self-use), calcolatrice.coseno] Method could be a function
src/calcolatrice.py:38: [C0103(invalid-name), calcolatrice.logaritmoBase2] Invalid method name "logaritmoBase2"
src/calcolatrice.py:38: [C0111(missing-docstring), calcolatrice.logaritmoBase2] Missing method docstring
src/calcolatrice.py:39: [E1101(no-member), calcolatrice.logaritmoBase2] Module 'math' has no 'log2' member; maybe 'log'?
src/calcolatrice.py:38: [R0201(no-self-use), calcolatrice.logaritmoBase2] Method could be a function
src/calcolatrice.py:41: [C0103(invalid-name), calcolatrice.intToBit] Invalid method name "intToBit"
src/calcolatrice.py:41: [C0111(missing-docstring), calcolatrice.intToBit] Missing method docstring
src/calcolatrice.py:41: [R0201(no-self-use), calcolatrice.intToBit] Method could be a function
__init__.py:1: [C0103(invalid-name), ] Invalid module name "pyCalcolatrice"

--------------------------------------------------------------------
Your code has been rated at -2.86/10 (previous run: -2.86/10, +0.00)

